[?1049h[H[?1000h[?1003h[?1015h[?1006h[?25l[?1003h
[?2026$p[?2004h[1;1H[48;2;40;40;40m [0m[38;2;227;227;227;48;2;40;40;40m⭘[0m[48;2;40;40;40m     [0m[48;2;40;40;40m [0m[48;2;40;40;40m                       [0m[38;2;227;227;227;48;2;40;40;40mNexusMonitorApp[0m[48;2;40;40;40m                        [0m[48;2;40;40;40m [0m[48;2;40;40;40m        [0m[48;2;40;40;40m [0m
[2;1H[38;2;225;225;225;48;2;30;30;30mInitializing Nexus Monitor...[0m[48;2;30;30;30m                                                   [0m
[3;1H[48;2;30;30;30m                                                                                [0m
[4;1H[38;2;30;30;30;48;2;18;18;18m▊[0m[38;2;18;18;18;48;2;38;38;38m▔▔▔▔▔▔▔▔▔▔▔▔▔▔▔▔▔▔▔▔▔▔▔▔▔▔▔▔▔▔▔▔▔▔▔▔▔▔▔▔▔▔▔▔▔▔▔▔▔▔▔▔▔▔▔▔▔▔▔▔▔▔▔▔▔▔▔▔▔▔▔▔▔▔▔▔▔▔[0m[38;2;18;18;18;48;2;30;30;30m▎[0m
[5;1H[38;2;30;30;30;48;2;18;18;18m▊[0m[48;2;38;38;38m  [0m[38;2;120;120;120;48;2;38;38;38mType a command or message...[0m[38;2;226;226;226;48;2;38;38;38m                                              [0m[48;2;38;38;38m  [0m[38;2;18;18;18;48;2;30;30;30m▎[0m
[6;1H[38;2;30;30;30;48;2;18;18;18m▊[0m[38;2;18;18;18;48;2;38;38;38m▁▁▁▁▁▁▁▁▁▁▁▁▁▁▁▁▁▁▁▁▁▁▁▁▁▁▁▁▁▁▁▁▁▁▁▁▁▁▁▁▁▁▁▁▁▁▁▁▁▁▁▁▁▁▁▁▁▁▁▁▁▁▁▁▁▁▁▁▁▁▁▁▁▁▁▁▁▁[0m[38;2;18;18;18;48;2;30;30;30m▎[0m
[7;1H[38;2;69;74;80;48;2;36;41;47m▔▔▔▔▔▔▔▔▔▔▔▔▔▔▔▔[0m[48;2;30;30;30m                                                                [0m
[8;1H[48;2;36;41;47m [0m[1;38;2;226;227;227;48;2;36;41;47m Send Message [0m[48;2;36;41;47m [0m[48;2;30;30;30m                                                                [0m
[9;1H[38;2;0;0;0;48;2;36;41;47m▁▁▁▁▁▁▁▁▁▁▁▁▁▁▁▁[0m[48;2;30;30;30m                                                                [0m
[10;1H[38;2;69;74;80;48;2;36;41;47m▔▔▔▔▔▔▔▔▔▔▔▔▔▔▔▔[0m[48;2;30;30;30m                                                                [0m
[11;1H[48;2;36;41;47m [0m[1;38;2;226;227;227;48;2;36;41;47m View Metrics [0m[48;2;36;41;47m [0m[48;2;30;30;30m                                                                [0m
[12;1H[38;2;0;0;0;48;2;36;41;47m▁▁▁▁▁▁▁▁▁▁▁▁▁▁▁▁[0m[48;2;30;30;30m                                                                [0m
[13;1H[38;2;69;74;80;48;2;36;41;47m▔▔▔▔▔▔▔▔▔▔▔▔▔▔▔▔[0m[48;2;30;30;30m                                                                [0m
[14;1H[1;38;2;226;227;227;48;2;36;41;47m Simulate Event [0m[48;2;30;30;30m                                                                [0m
[15;1H[38;2;0;0;0;48;2;36;41;47m▁▁▁▁▁▁▁▁▁▁▁▁▁▁▁▁[0m[48;2;30;30;30m                                                                [0m
[16;1H[48;2;30;30;30m                                                                                [0m
[17;1H[48;2;30;30;30m                                                                                [0m
[18;1H[48;2;30;30;30m                                                                                [0m
[19;1H[48;2;30;30;30m                                                                                [0m
[20;1H[48;2;30;30;30m                                                                                [0m
[21;1H[48;2;30;30;30m                                                                                [0m
[22;1H[48;2;30;30;30m                                                                                [0m
[23;1H[48;2;30;30;30m                                                                                [0m
[24;1H[38;2;221;237;249;48;2;1;120;212m                                                                                [0m[1;1H[48;2;40;40;40m [0m[38;2;227;227;227;48;2;40;40;40m⭘[0m[48;2;40;40;40m     [0m[48;2;40;40;40m [0m[48;2;40;40;40m                       [0m[38;2;227;227;227;48;2;40;40;40mNexusMonitorApp[0m[48;2;40;40;40m                        [0m[48;2;40;40;40m [0m[48;2;40;40;40m        [0m[48;2;40;40;40m [0m
[2;1H[38;2;225;225;225;48;2;30;30;30mInitializing Nexus Monitor...[0m[48;2;30;30;30m                                                   [0m
[3;1H[48;2;30;30;30m                                                                                [0m
[4;1H[38;2;30;30;30;48;2;18;18;18m▊[0m[38;2;18;18;18;48;2;38;38;38m▔▔▔▔▔▔▔▔▔▔▔▔▔▔▔▔▔▔▔▔▔▔▔▔▔▔▔▔▔▔▔▔▔▔▔▔▔▔▔▔▔▔▔▔▔▔▔▔▔▔▔▔▔▔▔▔▔▔▔▔▔▔▔▔▔▔▔▔▔▔▔▔▔▔▔▔▔▔[0m[38;2;18;18;18;48;2;30;30;30m▎[0m
[5;1H[38;2;30;30;30;48;2;18;18;18m▊[0m[48;2;38;38;38m  [0m[38;2;120;120;120;48;2;38;38;38mType a command or message...[0m[38;2;226;226;226;48;2;38;38;38m                                              [0m[48;2;38;38;38m  [0m[38;2;18;18;18;48;2;30;30;30m▎[0m
[6;1H[38;2;30;30;30;48;2;18;18;18m▊[0m[38;2;18;18;18;48;2;38;38;38m▁▁▁▁▁▁▁▁▁▁▁▁▁▁▁▁▁▁▁▁▁▁▁▁▁▁▁▁▁▁▁▁▁▁▁▁▁▁▁▁▁▁▁▁▁▁▁▁▁▁▁▁▁▁▁▁▁▁▁▁▁▁▁▁▁▁▁▁▁▁▁▁▁▁▁▁▁▁[0m[38;2;18;18;18;48;2;30;30;30m▎[0m
[7;1H[38;2;69;74;80;48;2;36;41;47m▔▔▔▔▔▔▔▔▔▔▔▔▔▔▔▔[0m[48;2;30;30;30m                                                                [0m
[8;1H[48;2;36;41;47m [0m[1;38;2;226;227;227;48;2;36;41;47m Send Message [0m[48;2;36;41;47m [0m[48;2;30;30;30m                                                                [0m
[9;1H[38;2;0;0;0;48;2;36;41;47m▁▁▁▁▁▁▁▁▁▁▁▁▁▁▁▁[0m[48;2;30;30;30m                                                                [0m
[10;1H[38;2;69;74;80;48;2;36;41;47m▔▔▔▔▔▔▔▔▔▔▔▔▔▔▔▔[0m[48;2;30;30;30m                                                                [0m
[11;1H[48;2;36;41;47m [0m[1;38;2;226;227;227;48;2;36;41;47m View Metrics [0m[48;2;36;41;47m [0m[48;2;30;30;30m                                                                [0m
[12;1H[38;2;0;0;0;48;2;36;41;47m▁▁▁▁▁▁▁▁▁▁▁▁▁▁▁▁[0m[48;2;30;30;30m                                                                [0m
[13;1H[38;2;69;74;80;48;2;36;41;47m▔▔▔▔▔▔▔▔▔▔▔▔▔▔▔▔[0m[48;2;30;30;30m                                                                [0m
[14;1H[1;38;2;226;227;227;48;2;36;41;47m Simulate Event [0m[48;2;30;30;30m                                                                [0m
[15;1H[38;2;0;0;0;48;2;36;41;47m▁▁▁▁▁▁▁▁▁▁▁▁▁▁▁▁[0m[48;2;30;30;30m                                                                [0m
[16;1H[48;2;30;30;30m                                                                                [0m
[17;1H[48;2;30;30;30m                                                                                [0m
[18;1H[48;2;30;30;30m                                                                                [0m
[19;1H[48;2;30;30;30m                                                                                [0m
[20;1H[48;2;30;30;30m                                                                                [0m
[21;1H[48;2;30;30;30m                                                                                [0m
[22;1H[48;2;30;30;30m                                                                                [0m
[23;1H[48;2;30;30;30m                                                                                [0m
[24;1H[38;2;221;237;249;48;2;1;120;212m                                                                                [0m[1;1H[48;2;40;40;40m [0m[38;2;227;227;227;48;2;40;40;40m⭘[0m[48;2;40;40;40m     [0m[48;2;40;40;40m [0m[48;2;40;40;40m                       [0m[38;2;227;227;227;48;2;40;40;40mNexusMonitorApp[0m[48;2;40;40;40m                        [0m[48;2;40;40;40m [0m[48;2;40;40;40m        [0m[48;2;40;40;40m [0m
[2;1H[38;2;225;225;225;48;2;30;30;30mInitializing Nexus Monitor...[0m[48;2;30;30;30m                                                   [0m
[3;1H[48;2;30;30;30m                                                                                [0m
[4;1H[38;2;30;30;30;48;2;18;18;18m▊[0m[38;2;18;18;18;48;2;38;38;38m▔▔▔▔▔▔▔▔▔▔▔▔▔▔▔▔▔▔▔▔▔▔▔▔▔▔▔▔▔▔▔▔▔▔▔▔▔▔▔▔▔▔▔▔▔▔▔▔▔▔▔▔▔▔▔▔▔▔▔▔▔▔▔▔▔▔▔▔▔▔▔▔▔▔▔▔▔▔[0m[38;2;18;18;18;48;2;30;30;30m▎[0m
[5;1H[38;2;30;30;30;48;2;18;18;18m▊[0m[48;2;38;38;38m  [0m[38;2;120;120;120;48;2;38;38;38mType a command or message...[0m[38;2;226;226;226;48;2;38;38;38m                                              [0m[48;2;38;38;38m  [0m[38;2;18;18;18;48;2;30;30;30m▎[0m
[6;1H[38;2;30;30;30;48;2;18;18;18m▊[0m[38;2;18;18;18;48;2;38;38;38m▁▁▁▁▁▁▁▁▁▁▁▁▁▁▁▁▁▁▁▁▁▁▁▁▁▁▁▁▁▁▁▁▁▁▁▁▁▁▁▁▁▁▁▁▁▁▁▁▁▁▁▁▁▁▁▁▁▁▁▁▁▁▁▁▁▁▁▁▁▁▁▁▁▁▁▁▁▁[0m[38;2;18;18;18;48;2;30;30;30m▎[0m
[7;1H[38;2;69;74;80;48;2;36;41;47m▔▔▔▔▔▔▔▔▔▔▔▔▔▔▔▔[0m[48;2;30;30;30m                                                                [0m
[8;1H[48;2;36;41;47m [0m[1;38;2;226;227;227;48;2;36;41;47m Send Message [0m[48;2;36;41;47m [0m[48;2;30;30;30m                                                                [0m
[9;1H[38;2;0;0;0;48;2;36;41;47m▁▁▁▁▁▁▁▁▁▁▁▁▁▁▁▁[0m[48;2;30;30;30m                                                                [0m
[10;1H[38;2;69;74;80;48;2;36;41;47m▔▔▔▔▔▔▔▔▔▔▔▔▔▔▔▔[0m[48;2;30;30;30m                                                                [0m
[11;1H[48;2;36;41;47m [0m[1;38;2;226;227;227;48;2;36;41;47m View Metrics [0m[48;2;36;41;47m [0m[48;2;30;30;30m                                                                [0m
[12;1H[38;2;0;0;0;48;2;36;41;47m▁▁▁▁▁▁▁▁▁▁▁▁▁▁▁▁[0m[48;2;30;30;30m                                                                [0m
[13;1H[38;2;69;74;80;48;2;36;41;47m▔▔▔▔▔▔▔▔▔▔▔▔▔▔▔▔[0m[48;2;30;30;30m                                                                [0m
[14;1H[1;38;2;226;227;227;48;2;36;41;47m Simulate Event [0m[48;2;30;30;30m                                                                [0m
[15;1H[38;2;0;0;0;48;2;36;41;47m▁▁▁▁▁▁▁▁▁▁▁▁▁▁▁▁[0m[48;2;30;30;30m                                                                [0m
[16;1H[48;2;30;30;30m                                                                                [0m
[17;1H[48;2;30;30;30m                                                                                [0m
[18;1H[48;2;30;30;30m                                                                                [0m
[19;1H[48;2;30;30;30m                                                                                [0m
[20;1H[48;2;30;30;30m                                                                                [0m
[21;1H[48;2;30;30;30m                                                                                [0m
[22;1H[48;2;30;30;30m                                                                                [0m
[23;1H[48;2;30;30;30m                                                                                [0m
[24;1H[38;2;221;237;249;48;2;1;120;212m                                                                                [0m[1;1H[48;2;40;40;40m [0m[38;2;227;227;227;48;2;40;40;40m⭘[0m[48;2;40;40;40m     [0m[48;2;40;40;40m [0m[1;9H[48;2;40;40;40m                       [0m[38;2;227;227;227;48;2;40;40;40mNexusMonitorApp[0m[48;2;40;40;40m                        [0m[1;71H[48;2;40;40;40m [0m[48;2;40;40;40m        [0m[48;2;40;40;40m [0m
[2;1H[38;2;225;225;225;48;2;30;30;30mInitializing Nexus Monitor...[0m[48;2;30;30;30m                                                   [0m
[3;1H[48;2;30;30;30m                                                                                [0m
[4;1H[38;2;30;30;30;48;2;18;18;18m▊[0m[38;2;18;18;18;48;2;38;38;38m▔▔▔▔▔▔▔▔▔▔▔▔▔▔▔▔▔▔▔▔▔▔▔▔▔▔▔▔▔▔▔▔▔▔▔▔▔▔▔▔▔▔▔▔▔▔▔▔▔▔▔▔▔▔▔▔▔▔▔▔▔▔▔▔▔▔▔▔▔▔▔▔▔▔▔▔▔▔[0m[38;2;18;18;18;48;2;30;30;30m▎[0m
[5;1H[38;2;30;30;30;48;2;18;18;18m▊[0m[48;2;38;38;38m  [0m[38;2;120;120;120;48;2;38;38;38mType a command or message...[0m[38;2;226;226;226;48;2;38;38;38m                                              [0m[48;2;38;38;38m  [0m[38;2;18;18;18;48;2;30;30;30m▎[0m
[6;1H[38;2;30;30;30;48;2;18;18;18m▊[0m[38;2;18;18;18;48;2;38;38;38m▁▁▁▁▁▁▁▁▁▁▁▁▁▁▁▁▁▁▁▁▁▁▁▁▁▁▁▁▁▁▁▁▁▁▁▁▁▁▁▁▁▁▁▁▁▁▁▁▁▁▁▁▁▁▁▁▁▁▁▁▁▁▁▁▁▁▁▁▁▁▁▁▁▁▁▁▁▁[0m[38;2;18;18;18;48;2;30;30;30m▎[0m
[7;1H[38;2;69;74;80;48;2;36;41;47m▔▔▔▔▔▔▔▔▔▔▔▔▔▔▔▔[0m[7;17H[48;2;30;30;30m                                                                [0m
[8;1H[48;2;36;41;47m [0m[1;38;2;226;227;227;48;2;36;41;47m Send Message [0m[48;2;36;41;47m [0m[8;17H[48;2;30;30;30m                                                                [0m
[9;1H[38;2;0;0;0;48;2;36;41;47m▁▁▁▁▁▁▁▁▁▁▁▁▁▁▁▁[0m[9;17H[48;2;30;30;30m                                                                [0m
[10;1H[38;2;69;74;80;48;2;36;41;47m▔▔▔▔▔▔▔▔▔▔▔▔▔▔▔▔[0m[10;17H[48;2;30;30;30m                                                                [0m
[11;1H[48;2;36;41;47m [0m[1;38;2;226;227;227;48;2;36;41;47m View Metrics [0m[48;2;36;41;47m [0m[11;17H[48;2;30;30;30m                                                                [0m
[12;1H[38;2;0;0;0;48;2;36;41;47m▁▁▁▁▁▁▁▁▁▁▁▁▁▁▁▁[0m[12;17H[48;2;30;30;30m                                                                [0m
[13;1H[38;2;69;74;80;48;2;36;41;47m▔▔▔▔▔▔▔▔▔▔▔▔▔▔▔▔[0m[13;17H[48;2;30;30;30m                                                                [0m
[14;1H[1;38;2;226;227;227;48;2;36;41;47m Simulate Event [0m[14;17H[48;2;30;30;30m                                                                [0m
[15;1H[38;2;0;0;0;48;2;36;41;47m▁▁▁▁▁▁▁▁▁▁▁▁▁▁▁▁[0m[15;17H[48;2;30;30;30m                                                                [0m
[16;1H[48;2;30;30;30m                                                                                [0m
[17;1H[48;2;30;30;30m                                                                                [0m
[18;1H[48;2;30;30;30m                                                                                [0m
[19;1H[48;2;30;30;30m                                                                                [0m
[20;1H[48;2;30;30;30m                                                                                [0m
[21;1H[48;2;30;30;30m                                                                                [0m
[22;1H[48;2;30;30;30m                                                                                [0m
[23;1H[48;2;30;30;30m                                                                                [0m
[24;1H[38;2;221;237;249;48;2;1;120;212m                                                                                [0m